0:100  0:100  MemLog inited, TSC freq: 2305008700
0:100  0:000  CPU was calibrated with RTC
0:100  0:000  
0:100  0:000  Now is 24.12.2019,  7:23:45 (GMT)
0:100  0:000  Starting Clover revision: 4903 on INSYDE Corp. EFI
0:100  0:000  Build with: [Args: -mc --no-usb -D NO_GRUB_DRIVERS_EMBEDDED -t XCODE8 | -D DISABLE_USB_SUPPORT -D NO_GRUB_DRIVERS_EMBEDDED --conf=/Users/sky/src/edk2/Conf -D USE_BIOS_BLOCKIO -D USE_LOW_EBDA -a X64 -b RELEASE -t XCODE8 -n 13 | OS: 10.14.4 | XCODE: 10.1]
0:100  0:000  SelfDevicePath=PciRoot(0x0)\Pci(0x17,0x0)\Sata(0x5,0x0,0x0)\HD(3,GPT,F4A0B71F-4D79-4164-BFE6-97EA4868354D,0x6DC3B800,0x96000) @6B265A98
0:100  0:000  SelfDirPath = \EFI\CLOVER
0:101  0:000  === [ Get Smbios ] ========================================
0:101  0:000  Type 16 Index = 0
0:101  0:000  Total Memory Slots Count = 2
0:101  0:000  Type 17 Index = 0
0:101  0:000  Ignoring insane frequency value 0MHz
0:101  0:000  SmbiosTable.Type17->Speed = 0MHz
0:101  0:000  SmbiosTable.Type17->Size = 0MB
0:101  0:000  SmbiosTable.Type17->Bank/Device = BANK 0 Bottom-Slot 1 (under)
0:101  0:000  SmbiosTable.Type17->Vendor = <null string>
0:101  0:000  SmbiosTable.Type17->SerialNumber = <null string>
0:101  0:000  SmbiosTable.Type17->PartNumber = <null string>
0:101  0:000  Type 17 Index = 1
0:101  0:000  SmbiosTable.Type17->Speed = 2667MHz
0:101  0:000  SmbiosTable.Type17->Size = 8192MB
0:101  0:000  SmbiosTable.Type17->Bank/Device = BANK 2 Bottom-Slot 2 (top)
0:101  0:000  SmbiosTable.Type17->Vendor = Micron
0:101  0:000  SmbiosTable.Type17->SerialNumber = 1B8D4A1C
0:101  0:000  SmbiosTable.Type17->PartNumber = 8ATF1G64HZ-2G6E1    
0:101  0:000  Boot status=0
0:101  0:000  Running on: 'HP Pavilion Gaming Laptop 15-cx0xxx' with board '8478'
0:101  0:000  === [ GetCPUProperties ] ==================================
0:101  0:000  CPU Vendor = 756E6547 Model=906EA
0:101  0:000   The CPU supported SSE4.1
0:101  0:000  BrandString = Intel(R) Core(TM) i5-8300H CPU @ 2.30GHz
0:101  0:000   The CPU supported turbo
0:101  0:000  MSR 0x35               40008
0:101  0:000   TSC/CCC Information Leaf:
0:101  0:000    numerator     : 192
0:101  0:000    denominator   : 2
0:101  0:000   Calibrated ARTFrequency: 24010507
0:101  0:000  MSR 0xE2 before patch 1E008008
0:101  0:000  MSR 0xE2 is locked, PM patches will be turned on
0:101  0:000  MSR 0xCE              0008083B_F1011700
0:101  0:000  corrected FLEX_RATIO = 0
0:101  0:000  MSR 0x1B0             00000000
0:101  0:000  FSBFrequency = 100 MHz, DMI FSBFrequency = 100 MHz, Corrected FSBFrequency = 100 MHz
0:101  0:000  MaxDiv/MinDiv: 23.0/8
0:101  0:000  Turbo: 39/40/40/40
0:101  0:000  Features: 0xBFEBFBFF
0:101  0:000  Threads: 8
0:101  0:000  Cores: 4
0:101  0:000  FSB: 100 MHz
0:101  0:000  CPU: 2300 MHz
0:101  0:000  TSC: 2300 MHz
0:101  0:000  PIS: 100 MHz
0:101  0:000  ExternalClock: 25 MHz
0:101  0:000  === [ GetDevices ] ========================================
0:101  0:000  PCI (00|00:00.00) : 8086 3E10 class=060000
0:101  0:000  PCI (00|00:01.00) : 8086 1901 class=060400
0:101  0:000  PCI (00|01:00.00) : 10DE 1C8C class=030000
0:101  0:000   - GFX: Model=Unknown family 137 (Nvidia)
0:101  0:000  PCI (00|01:00.01) : FFFF FFFF class=FFFFFF
0:101  0:000  PCI (00|00:02.00) : 8086 3E9B class=030000
0:101  0:000   - GFX: Model=Intel UHD Graphics 630 (Intel)
0:101  0:000  PCI (00|00:04.00) : 8086 1903 class=118000
0:101  0:000  PCI (00|00:08.00) : 8086 1911 class=088000
0:101  0:000  PCI (00|00:12.00) : 8086 A379 class=118000
0:101  0:000  PCI (00|00:14.00) : 8086 A36D class=0C0330
0:101  0:000  PCI (00|00:14.02) : 8086 A36F class=050000
0:101  0:000  PCI (00|00:14.03) : 8086 A370 class=028000
0:101  0:000   - WIFI: Vendor=Intel
0:101  0:000  PCI (00|00:16.00) : 8086 A360 class=078000
0:101  0:000  PCI (00|00:17.00) : 8086 A353 class=010601
0:101  0:000  PCI (00|00:1B.00) : 8086 A343 class=060400
0:106  0:004  PCI (00|02:00.00) : 1AEA 6625 class=FF0000
0:106  0:000  PCI (00|00:1D.00) : 8086 A330 class=060400
0:106  0:000  PCI (00|03:00.00) : 1179 0113 class=010802
0:106  0:000  PCI (00|00:1D.04) : 8086 A334 class=060400
0:106  0:000  PCI (00|04:00.00) : 10EC 8168 class=020000
0:106  0:000   - LAN: 0 Vendor=Realtek
0:106  0:000  PCI (00|00:1F.00) : 8086 A30D class=060100
0:106  0:000  PCI (00|00:1F.03) : 8086 A348 class=040300
0:106  0:000  PCI (00|00:1F.04) : 8086 A323 class=0C0500
0:106  0:000  PCI (00|00:1F.05) : 8086 A324 class=0C8000
0:106  0:000  === [ GetDefaultSettings ] ================================
0:106  0:000  Clover load options size = 0 bytes
0:108  0:001  EFI\CLOVER\config.plist loaded: Success
0:108  0:000  === [ GetListOfThemes ] ===================================
0:115  0:007  - [00]: Clovy
0:149  0:033  - [01]: Hackintosh_ID
0:190  0:041  - [02]: mimi black
0:191  0:000  - [03]: SimpleThemeDark
0:192  0:000  - [04]: Universe
0:234  0:041  - [05]: YosemiteLogin
0:278  0:044  === [ Found config plists ] ===============================
0:278  0:000  - config.plist
0:279  0:000  - config_inject.plist
0:279  0:000  - config_god.plist
0:279  0:000  - config_bakkk.plist
0:279  0:000  === [ GetEarlyUserSettings ] ==============================
0:279  0:000  timeout set to 5
0:279  0:000  Custom boot CUSTOM_BOOT_DISABLED (0x0)
0:279  0:000  ForceKextsToLoad: 1 requested
0:279  0:000   - [0]: System\Library\Extensions\IONetworkingFamily.kext
0:279  0:000  KextsToPatch: 4 requested
0:279  0:000   - [00]: com.apple.driver.usb.AppleUSBXHCI (10.13.x USB Port Limit Patch) :: MatchOS: 10.13.x :: BinPatch :: data len: 10
0:279  0:000   - [01]: com.apple.driver.usb.AppleUSBXHCI (change 15 port limit to 26 in XHCI kext for 10.14 beta2) :: MatchOS: 10.14,10.14.x :: BinPatch :: data len: 8
0:279  0:000   - [02]: com.apple.driver.usb.AppleUSBXHCI (disable USB Port Limit Patch (PMheart) for 10.14 beta2) :: MatchOS: 10.14,10.14.x :: BinPatch :: data len: 9
0:279  0:000   - [03]: com.apple.driver.usb.AppleUSBXHCI (USB Port limit patch 10.14.1 18B50C (credits DalianSky)) :: MatchOS: 10.14.1 :: BinPatch :: data len: 9
0:279  0:000  KernelToPatch: 4 requested
0:279  0:000   - [00]: Disable panic kext logging on 10.13 Debug kernel :: MatchOS: 10.13 :: data len: 6
0:279  0:000   - [01]: Disable panic kext logging on 10.13 Release kernel :: MatchOS: 10.13 :: data len: 6
0:279  0:000   - [02]: Disable panic kext logging on 10.14 Release kernel (c) vit9696 :: MatchOS: 10.14.x :: data len: 6
0:279  0:000   - [03]: MSR 0xE2 _xcpm_idle instant reboot(c) Pike R. Alpha :: data len: 8
0:279  0:000  Default theme: SimpleThemeDark
0:279  0:000  Hiding entries with string Preboot
0:279  0:000  Hiding entries with string Recovery
0:279  0:000  ** Warning: unknown custom entry Type 'Other'
0:279  0:000  === [ LoadDrivers ] =======================================
0:325  0:045  Loading apfs.efi  status=Success
0:373  0:048   - driver needs connecting
0:373  0:000  Loading ApfsDriverLoader-64.efi  status=Success
0:374  0:001   - driver needs connecting
0:374  0:000  Loading AppleImageLoader-64.efi  status=Success
0:375  0:000  Loading AppleUISupport-64.efi  status=Success
0:377  0:001  Loading AptioMemoryFix-64.efi  status=Success
0:378  0:001  Loading AudioDxe-64.efi  status=Success
0:380  0:001   - driver needs connecting
0:380  0:000  Loading DataHubDxe-64.efi  status=Success
0:381  0:001  Loading EmuVariableUefi-64.efi  status=Success
0:382  0:001  EmuVariableUefi Initialize: VariableCommonInitialize = Success, orig services stored, install gEmuVariableControlProtocolGuid = Success
0:382  0:000  Loading FSInject-64.efi  status=Success
0:383  0:001  Loading HFSPlus.efi  status=Success
0:384  0:001   - driver needs connecting
0:384  0:000  Loading NvmExpressDxe-64.efi  status=Success
0:386  0:001   - driver needs connecting
0:386  0:000  Loading SMCHelper-64.efi  status=Success
0:387  0:001  5 drivers needs connecting ...
0:387  0:000  PlatformDriverOverrideProtocol->GetDriver overriden
0:387  0:000  HFS+ driver loaded
0:387  0:000  APFS driver loaded
0:387  0:000  Searching for invalid DiskIo BY_DRIVER connects: not found, all ok
4:720  4:332  EmuVariable InstallEmulation: orig vars copied, emu.var.services installed, CreateEvent VirtualAddressChange = Success, CreateEvent ExitBootServices = Success, set Status=Success
4:737  0:016  === [ InitScreen ] ========================================
4:737  0:000  Console modes reported: 7, available modes:
4:737  0:000   - [01]: 80x25
4:737  0:000   - [02]: 80x50
4:737  0:000   - [03]: 80x25
4:737  0:000   - [04]: 240x56 (current mode)
4:737  0:000   - [05]: 100x31
4:737  0:000   - [06]: 128x40
4:737  0:000   - [07]: 160x53
4:737  0:000  SetMaxResolution: found best mode 0: 1920x1080
4:737  0:000   - already set
4:737  0:000  SetScreenResolution: 1920x1080 - already set
4:737  0:000  reinit: self device path=PciRoot(0x0)\Pci(0x17,0x0)\Sata(0x5,0x0,0x0)\HD(3,GPT,F4A0B71F-4D79-4164-BFE6-97EA4868354D,0x6DC3B800,0x96000)
4:737  0:000  === [ GetMacAddress ] =====================================
4:737  0:000  MAC address of LAN #0= B4:B6:86:BF:77:12:
4:737  0:000  === [ ScanSPD ] ===========================================
4:744  0:006  Scanning SMBus [8086:A323], mmio: 0xB4528004, ioport: 0x5040, hostc: 0x11
4:764  0:020  Slot: 2 Type 26 8192MB 2666MHz Vendor=Micron Technology PartNo=8ATF1G64HZ-2G6E1 SerialNo=010B080D040A010C
4:765  0:001  === [ GetAcpiTablesList ] =================================
4:765  0:000  Get Acpi Tables List from RSDT:
4:765  0:000   - [00]: FACP  SLIC-MPC len=268
4:765  0:000   - [01]: UEFI  INSYDE   len=566
4:765  0:000   - [02]: SSDT  INSYDE   len=12743
4:765  0:000   - [03]: SSDT  INSYDE   len=8149
4:765  0:000   - [04]: SSDT  INSYDE   len=6091
4:765  0:000   - [05]: SSDT  INSYDE   len=245
4:765  0:000   - [06]: UEFI  INSYDE   len=66
4:765  0:000   - [07]: IHIS  INSYDE   len=56
4:765  0:000   - [08]: SSDT  INSYDE   len=361
4:765  0:000   - [09]: SSDT  INSYDE   len=26775
4:765  0:000   - [10]: MSDM  SLIC-MPC len=85
4:765  0:000   - [11]: SSDT  INSYDE   len=15053
4:765  0:000   - [12]: LPIT  INSYDE   len=92
4:765  0:000   - [13]: WSMT  INSYDE   len=40
4:765  0:000   - [14]: SSDT  INSYDE   len=3119
4:765  0:000   - [15]: SSDT  INSYDE   len=4027
4:765  0:000   - [16]: DBGP  SLIC-MPC len=52
4:765  0:000   - [17]: DBG2  INSYDE   len=84
4:765  0:000   - [18]: SSDT  INSYDE   len=6531
4:765  0:000   - [19]: ASF!  INSYDE   len=165
4:765  0:000   - [20]: ECDT  INSYDE   len=105
4:765  0:000   - [21]: HPET  INSYDE   len=56
4:765  0:000   - [22]: APIC  SLIC-MPC len=300
4:765  0:000   - [23]: MCFG  INSYDE   len=60
4:765  0:000   - [24]: SSDT  INSYDE   len=280
4:765  0:000   - [25]: SSDT  INSYDE   len=3888
4:765  0:000   - [26]: SSDT  INSYDE   len=16398
4:765  0:000   - [27]: SSDT  INSYDE   len=291
4:765  0:000   - [28]: DMAR  INSYDE   len=264
4:765  0:000   - [29]: FPDT  SLIC-MPC len=68
4:765  0:000   - [30]: BGRT  INSYDE   len=56
4:765  0:000  Calibrated TSC Frequency = 2305008700 = 2305MHz
4:765  0:000  === [ GetUserSettings ] ===================================
4:765  0:000  Add 2 devices:
4:765  0:000  USB FixOwnership: yes
4:765  0:000  Dropping 2 tables:
4:765  0:000   - [00]: Drop table  signature="#MCF" (46434D23)
4:765  0:000           - set table: 46434D23,                0 to drop: no
4:765  0:000   - [01]: Drop table  signature="DMAR" (52414D44)
4:765  0:000           - set table: 52414D44,                0 to drop: yes
4:765  0:000   - final DSDT Fix mask=00000000
4:765  0:000  PatchesDSDT: 13 requested
4:765  0:000   - [00]: (change OSID to XSID (to avoid match against _OSI XOSI patch)) lenToFind: 4, lenToReplace: 4, Target Bridge: <null string>
4:765  0:000    patch disabled at config
4:765  0:000   - [01]: (change _OSI to XOSI) lenToFind: 4, lenToReplace: 4, Target Bridge: <null string>
4:765  0:000    patch disabled at config
4:765  0:000   - [02]: (change _DSM to XDSM) lenToFind: 4, lenToReplace: 4, Target Bridge: <null string>
4:765  0:000    patch disabled at config
4:765  0:000   - [03]: (change EC0 to EC) lenToFind: 4, lenToReplace: 4, Target Bridge: <null string>
4:765  0:000    patch disabled at config
4:765  0:000   - [04]: (change H_EC to EC) lenToFind: 4, lenToReplace: 4, Target Bridge: <null string>
4:765  0:000    patch disabled at config
4:765  0:000   - [05]: (change ECDV to EC) lenToFind: 4, lenToReplace: 4, Target Bridge: <null string>
4:765  0:000    patch disabled at config
4:765  0:000   - [06]: (change HECI to IMEI) lenToFind: 4, lenToReplace: 4, Target Bridge: <null string>
4:765  0:000   - [07]: (change MEI to IMEI) lenToFind: 4, lenToReplace: 4, Target Bridge: <null string>
4:765  0:000   - [08]: (change PCI0.VID to IGPU #1 (Thinkpad)) lenToFind: 8, lenToReplace: 8, Target Bridge: <null string>
4:765  0:000   - [09]: (change PCI0.VID to IGPU #2 (Thinkpad)) lenToFind: 14, lenToReplace: 14, Target Bridge: <null string>
4:765  0:000   - [10]: (change AZAL to HDEF) lenToFind: 4, lenToReplace: 4, Target Bridge: <null string>
4:765  0:000   - [11]: (change HDAS to HDEF) lenToFind: 4, lenToReplace: 4, Target Bridge: <null string>
4:765  0:000   - [12]: (change GFX0 to IGPU) lenToFind: 4, lenToReplace: 4, Target Bridge: <null string>
4:765  0:000  PluginType: 1
4:765  0:000  Devices to rename 1
4:765  0:000  GFX0:->will be renamed to IGPU
4:765  0:000  Using ProductName from config: MacBookPro15,2
4:765  0:000  Found same BiosVersion in clover and config
4:765  0:000  BiosVersion: MBP152.88Z.F000.B00.1809171524
4:765  0:000  BiosReleaseDate: 09/17/2018
4:765  0:000  Using EfiVersion from config: 220.240.2.0.0
4:765  0:000  Using FirmwareFeatures from config: 0xFC0FE137
4:765  0:000  Using FirmwareFeaturesMask from config: 0xFF1FFF3F
4:765  0:000  Board-ID set from config as Mac-827FB448E656EC26
4:765  0:000  BoardType: 0xA
4:765  0:000  ChassisType: 0x9
4:765  0:000  Converted CustomUUID 8270E101-DC6F-401D-8C96-EF890D1860F8
5:061  0:295  === [ Found DSDT tables ] =================================
5:419  0:358  === [ ScanVolumes ] =======================================
5:419  0:000  Found 15 volumes with blockIO
5:419  0:000  - [00]: Volume: PciRoot(0x0)\Pci(0x17,0x0)\Sata(0x5,0x0,0x0)
5:439  0:019  - [01]: Volume: PciRoot(0x0)\Pci(0x17,0x0)\Sata(0x5,0x0,0x0)\HD(1,GPT,ED68E30F-2865-4CCE-92BE-B3EC35FC2662,0x800,0x3443B000)
5:445  0:006          Result of bootcode detection: bootable Windows (vista,win)
5:445  0:000  - [02]: Volume: PciRoot(0x0)\Pci(0x17,0x0)\Sata(0x5,0x0,0x0)\HD(2,GPT,2397F44F-4758-4E2D-97A2-8062705EAA88,0x3443B800,0x39800000)
5:460  0:014          Result of bootcode detection: bootable Windows (vista,win)
5:460  0:000  - [03]: Volume: PciRoot(0x0)\Pci(0x17,0x0)\Sata(0x5,0x0,0x0)\HD(3,GPT,F4A0B71F-4D79-4164-BFE6-97EA4868354D,0x6DC3B800,0x96000)
5:482  0:021          Result of bootcode detection: bootable Windows (win)
5:519  0:036          This is SelfVolume !!
5:519  0:000  - [04]: Volume: PciRoot(0x0)\Pci(0x17,0x0)\Sata(0x5,0x0,0x0)\HD(4,GPT,9836D10B-AC11-4E0E-ABAA-B0EDB6240336,0x6DCD1800,0x4F6A000)
5:529  0:010          Result of bootcode detection: bootable unknown (legacy)
5:529  0:000  - [05]: Volume: PciRoot(0x0)\Pci(0x17,0x0)\Sata(0x5,0x0,0x0)\HD(5,GPT,AE8AAF87-D459-4157-9B03-C47A2301EF0D,0x72C3B800,0x1ACB000)
5:540  0:010          Result of bootcode detection: bootable Windows (vista,win)
5:540  0:000  - [06]: Volume: PciRoot(0x0)\Pci(0x1D,0x0)\Pci(0x0,0x0)\NVMe(0x1,BC-13-0E-00-04-0D-08-00)
5:540  0:000  - [07]: Volume: PciRoot(0x0)\Pci(0x1D,0x0)\Pci(0x0,0x0)\NVMe(0x1,BC-13-0E-00-04-0D-08-00)\HD(1,GPT,A2D85FDF-1468-45DB-8F83-08106D311A92,0x800,0x82000)
5:540  0:000          Result of bootcode detection: bootable Windows (vista,win)
5:541  0:000  - [08]: Volume: PciRoot(0x0)\Pci(0x1D,0x0)\Pci(0x0,0x0)\NVMe(0x1,BC-13-0E-00-04-0D-08-00)\HD(2,GPT,93338E23-F673-4ECF-A56E-19B8F359B15A,0x82800,0x8000)
5:541  0:000  - [09]: Volume: PciRoot(0x0)\Pci(0x1D,0x0)\Pci(0x0,0x0)\NVMe(0x1,BC-13-0E-00-04-0D-08-00)\HD(3,GPT,F40E24AB-3714-4F03-8EF5-E1A484758A86,0x8A800,0xEC04800)
5:541  0:000          Result of bootcode detection: bootable Windows (vista,win)
5:541  0:000  - [10]: Volume: PciRoot(0x0)\Pci(0x1D,0x0)\Pci(0x0,0x0)\NVMe(0x1,BC-13-0E-00-04-0D-08-00)\HD(4,GPT,2B10E11F-8F44-4D88-B2C8-248E25C330FA,0xEC8F000,0x1EA000)
5:541  0:000          Result of bootcode detection: bootable Windows (vista,win)
5:541  0:000  - [11]: Volume: PciRoot(0x0)\Pci(0x17,0x0)\Sata(0x5,0x0,0x0)\HD(4,GPT,9836D10B-AC11-4E0E-ABAA-B0EDB6240336,0x6DCD1800,0x4F6A000)\VenMedia(BE74FCF7-0B7C-49F3-9147-01F4042E6842,8827C9A9F339C747BD2001956D21EF51)
5:541  0:000          hiding this volume
5:541  0:000  - [12]: Volume: PciRoot(0x0)\Pci(0x17,0x0)\Sata(0x5,0x0,0x0)\HD(4,GPT,9836D10B-AC11-4E0E-ABAA-B0EDB6240336,0x6DCD1800,0x4F6A000)\VenMedia(BE74FCF7-0B7C-49F3-9147-01F4042E6842,45F239B03209024BAF2CDD23F9E68AED)
5:541  0:000  - [13]: Volume: PciRoot(0x0)\Pci(0x17,0x0)\Sata(0x5,0x0,0x0)\HD(4,GPT,9836D10B-AC11-4E0E-ABAA-B0EDB6240336,0x6DCD1800,0x4F6A000)\VenMedia(BE74FCF7-0B7C-49F3-9147-01F4042E6842,05D9DDCCC3EBD84CA9896B7D81533F80)
5:541  0:000          hiding this volume
5:541  0:000  - [14]: Volume: PciRoot(0x0)\Pci(0x17,0x0)\Sata(0x5,0x0,0x0)\HD(4,GPT,9836D10B-AC11-4E0E-ABAA-B0EDB6240336,0x6DCD1800,0x4F6A000)\VenMedia(BE74FCF7-0B7C-49F3-9147-01F4042E6842,DCF9A066DD3BD84B9CA4C8325309F7F7)
5:578  0:036  PutNvramPlistToRtVars: nvram.plist not found
5:578  0:000  found 2 handles with audio
5:578  0:000  got index=1
5:578  0:000  got volume 70
5:578  0:000  === [ InitTheme ] =========================================
5:578  0:000  use night theme
5:580  0:001  Using theme 'SimpleThemeDark' (EFI\CLOVER\themes\SimpleThemeDark)
5:580  0:000  OS main and drive as badge
5:580  0:000  file sound read: sound_night.wav Not Found
5:580  0:000  file sound read: sound.wav Not Found
5:582  0:001  Loading font from ThemeDir: Success
5:582  0:000  theme inited
5:582  0:000  Chosen theme SimpleThemeDark
5:582  0:000  after NVRAM boot-args=-lilubetaall igfxcflbklt=force debug=0x100 darkwake=8 -cflbkltfix
5:582  0:000  === [ Dump SMC keys from NVRAM ] ==========================
5:582  0:000  found AppleSMC protocol
5:582  0:000  Registered 0 SMC keys
5:582  0:000  === [ AddCustomEntries ] ==================================
5:582  0:000  Custom entry 0 skipped because it is disabled.
5:582  0:000  === [ ScanLoader ] ========================================
5:582  0:000  - [03]: 'EFI'
5:662  0:080          AddLoaderEntry for Volume Name=EFI
5:662  0:000          skipped because entry is hidden
5:662  0:000  - [07]: 'EFI'
5:665  0:002          AddLoaderEntry for Volume Name=EFI
5:665  0:000      Not match custom entry 0: Type: not match
5:702  0:037          AddLoaderEntry for Volume Name=EFI
5:702  0:000          skipped because entry is hidden
5:702  0:000  - [11]: 'Preboot', hidden
5:702  0:000  - [12]: 'mac'
5:918  0:215          AddLoaderEntry for Volume Name=mac
5:918  0:000      Not match custom entry 0: Type: not match
5:954  0:036      hibernated: set as never
5:964  0:009          [!] Icon 18 (icons\vol_internal_apfs.icns) not found (path: EFI\CLOVER\themes\SimpleThemeDark)
6:018  0:054  - [13]: 'Recovery', hidden
6:018  0:000  - [14]: 'VM'
6:049  0:030  Scanning legacy ...
6:049  0:000   1: 'Legacy HD1' (vista,win) add legacy
6:050  0:001   added 'Boot Windows from Legacy HD1' OSType=2 Icon=vista,win
6:050  0:000   2: 'Legacy HD2' (vista,win) add legacy
6:051  0:001   added 'Boot Windows from Legacy HD2' OSType=2 Icon=vista,win
6:051  0:000   3: 'EFI' (win) add legacy
6:052  0:000   added 'Boot Windows from EFI' OSType=2 Icon=win
6:052  0:000   5: 'Legacy HD5' (vista,win) add legacy
6:053  0:001   added 'Boot Windows from Legacy HD5' OSType=2 Icon=vista,win
6:053  0:000   7: 'EFI' (vista,win) add legacy
6:054  0:001   added 'Boot Windows from EFI' OSType=2 Icon=vista,win
6:054  0:000   9: 'Legacy HD3' (vista,win) add legacy
6:055  0:001   added 'Boot Windows from Legacy HD3' OSType=2 Icon=vista,win
6:055  0:000  10: 'Legacy HD4' (vista,win) add legacy
6:056  0:001   added 'Boot Windows from Legacy HD4' OSType=2 Icon=vista,win
6:056  0:000  === [ AddCustomTool ] =====================================
6:070  0:013  found tool \EFI\CLOVER\tools\Shell64U.efi
6:070  0:000  Checking EFI partition Volume 3 for Clover
6:071  0:000   Found Clover
6:072  0:000  EmuVariable UninstallEmulation: CloseEvent = Success, original var services restored
6:074  0:002  EmuVariable InstallEmulation: orig vars copied, emu.var.services installed, CreateEvent VirtualAddressChange = Success, CreateEvent ExitBootServices = Success, set Status=Success
6:092  0:017  === [ GetEfiBootDeviceFromNvram ] =========================
6:092  0:000  Default boot entry not found
6:092  0:000  EmuVariable UninstallEmulation: CloseEvent = Success, original var services restored
6:092  0:000  DefaultIndex=-1 and MainMenu.EntryCount=15
6:152  0:060  GUI ready
80:953  74:800  BootVariable of the entry is empty
80:953  0:000  === [ StartLoader ] =======================================
80:953  0:000  Finally: ExternalClock=26MHz BusSpeed=100218kHz CPUFreq=2305MHz PIS: hw.busfrequency=104000000Hz
80:953  0:000  Loading boot.efi  status=Success
81:056  0:103  GetOSVersion: 10.14.5 (18F132)
81:056  0:000  CSR_CFG: CSR_ALLOW_UNTRUSTED_KEXTS | CSR_ALLOW_UNRESTRICTED_FS | CSR_ALLOW_TASK_FOR_PID | CSR_ALLOW_UNRESTRICTED_DTRACE | CSR_ALLOW_UNRESTRICTED_NVRAM
81:056  0:000  Filtering KextPatches:
81:056  0:000   - [00]: com.apple.driver.usb.AppleUSBXHCI (10.13.x USB Port Limit Patch) :: BinPatch :: [OS: 10.14.5 | MatchOS: 10.13.x | MatchBuild: All] ==> not allowed
81:057  0:000   - [01]: com.apple.driver.usb.AppleUSBXHCI (change 15 port limit to 26 in XHCI kext for 10.14 beta2) :: BinPatch :: [OS: 10.14.5 | MatchOS: 10.14,10.14.x | MatchBuild: All] ==> allowed
81:057  0:000   - [02]: com.apple.driver.usb.AppleUSBXHCI (disable USB Port Limit Patch (PMheart) for 10.14 beta2) :: BinPatch :: [OS: 10.14.5 | MatchOS: 10.14,10.14.x | MatchBuild: All] ==> allowed
81:057  0:000   - [03]: com.apple.driver.usb.AppleUSBXHCI (USB Port limit patch 10.14.1 18B50C (credits DalianSky)) :: BinPatch :: [OS: 10.14.5 | MatchOS: 10.14.1 | MatchBuild: All] ==> not allowed
81:057  0:000  Filtering KernelPatches:
81:057  0:000   - [00]: Disable panic kext logging on 10.13 Debug kernel :: [OS: 10.14.5 | MatchOS: 10.13 | MatchBuild: no] ==> not allowed by OS
81:057  0:000   - [01]: Disable panic kext logging on 10.13 Release kernel :: [OS: 10.14.5 | MatchOS: 10.13 | MatchBuild: no] ==> not allowed by OS
81:057  0:000   - [02]: Disable panic kext logging on 10.14 Release kernel (c) vit9696 :: [OS: 10.14.5 | MatchOS: 10.14.x | MatchBuild: no] ==> allowed by OS
81:057  0:000   - [03]: MSR 0xE2 _xcpm_idle instant reboot(c) Pike R. Alpha :: [OS: 10.14.5 | MatchOS: All | MatchBuild: no] ==> allowed by OS
81:057  0:000  Will not patch boot.efi
81:057  0:000  EmuVariable InstallEmulation: orig vars copied, emu.var.services installed, CreateEvent VirtualAddressChange = Success, CreateEvent ExitBootServices = Success, set Status=Success
81:074  0:017  === [ PatchSmbios ] =======================================
81:074  0:000  insert table 9 for dev 0:0
81:074  0:000  insert table 9 for dev 0:0
81:074  0:000  insert table 9 for dev 14:3
81:075  0:000  Trusting SMBIOS...
81:075  0:000  Detected alternating SMBIOS channel banks
81:075  0:000  Channels: 1
81:075  0:000  Interleave: 0 1 2 3 4 5 6 7 8 9 10 11 12 13 14 15 16 17 18 19 20 21 22 23
81:075  0:000  SMBIOS Type 17 Index = 0 => 0 0:
81:075  0:000  BANK 0 DIMM0 EMPTY
81:075  0:000   partNum=8ATF1G64HZ-2G6E1    
81:075  0:000  SMBIOS Type 17 Index = 1 => 1 1:
81:075  0:000  BANK 0 DIMM1 2667MHz 8192MB
81:075  0:000  mTotalSystemMemory = 8192
81:075  0:000  NumberOfMemoryDevices = 2
81:075  0:000  Type20[0]->End = 0x7FFFFF, Type17[1] = 0x2000
81:075  0:000  Table 131 is present, CPUType=31
81:075  0:000  Change to: 605
81:075  0:000  === [ PatchACPI ] =========================================
81:075  0:000  Xsdt reallocation done
81:075  0:000  old FADT length=10C
81:075  0:000   SignatureFixup: 0x2EB4E05C -> 0x0
81:094  0:019  Apply DsdtFixMask=0x00000000
81:094  0:000     drop _DSM mask=0xFFFF
81:094  0:000  === [ FixBiosDsdt ] =======================================
81:100  0:005  Patching DSDT:
81:100  0:000   - [change OSID to XSID (to avoid match against _OSI XOSI patch)]: disabled
81:100  0:000   - [change _OSI to XOSI]: disabled
81:100  0:000   - [change _DSM to XDSM]: disabled
81:100  0:000   - [change EC0 to EC]: disabled
81:100  0:000   - [change H_EC to EC]: disabled
81:100  0:000   - [change ECDV to EC]: disabled
81:100  0:000   - [change HECI to IMEI]: pattern 48454349, patched at: [ (108E3) (18860) (1F63) ]
81:100  0:000   - [change MEI to IMEI]: pattern 4D45495F, bin not found / already patched!
81:100  0:000   - [change PCI0.VID to IGPU #1 (Thinkpad)]: pattern 50434930, bin not found / already patched!
81:100  0:000   - [change PCI0.VID to IGPU #2 (Thinkpad)]: pattern 5649445F, bin not found / already patched!
81:100  0:000   - [change AZAL to HDEF]: pattern 415A414C, bin not found / already patched!
81:101  0:000   - [change HDAS to HDEF]: pattern 48444153, patched at: [ (28F) (12) (12) (69D0) (76) (3F) (66) (A7) (DB) (89) (221EE) (1985) (9F87) (8FCC) ]
81:101  0:000   - [change GFX0 to IGPU]: pattern 47465830, patched at: [ (51) (E) (12) (12) (12) (70) (12) (12) (629) (46) (12) (415) (55) (2A24) (1003E) (4F) (773) (30) (1FEF) (1B59) (14) (1151A) (1B39) (13A2D) (D) (10) (C) (F) (80) (D) (10) (FF8) (38) (4D) (F) (8) ]
81:101  0:000  Name: GFX0, Bridge: <null string>, Replace: IGPU
81:101  0:000    0 replacements
81:102  0:000  PreCleanup XSDT: count=31, length=284
81:102  0:000  PreCleanup XSDT, corrected XSDT: count=31, length=284
81:102  0:000  === [ ACPIDropTables ] ====================================
81:102  0:000  Drop tables from XSDT, SIGN=DMAR TableID=INSYDE   Length=264
81:102  0:000   Table[28]: DMAR  INSYDE    264 dropped
81:102  0:000  0. [change OSID to XSID (to avoid match against _OSI XOSI patch)]: disabled
81:102  0:000  1. [change _OSI to XOSI]: disabled
81:102  0:000  2. [change _DSM to XDSM]: disabled
81:102  0:000  3. [change EC0 to EC]: disabled
81:102  0:000  4. [change H_EC to EC]: disabled
81:102  0:000  5. [change ECDV to EC]: disabled
81:102  0:000  6. [change HECI to IMEI]: pattern 48454349, bin not found / already patched!
81:102  0:000  7. [change MEI to IMEI]: pattern 4D45495F, bin not found / already patched!
81:102  0:000  8. [change PCI0.VID to IGPU #1 (Thinkpad)]: pattern 50434930, bin not found / already patched!
81:102  0:000  9. [change PCI0.VID to IGPU #2 (Thinkpad)]: pattern 5649445F, bin not found / already patched!
81:102  0:000  10. [change AZAL to HDEF]: pattern 415A414C, bin not found / already patched!
81:102  0:000  11. [change HDAS to HDEF]: pattern 48444153, bin not found / already patched!
81:102  0:000  12. [change GFX0 to IGPU]: pattern 47465830, patched at: [ (2D) (3A) (46) (2C1) (1C9B) (A3A) (1D) (6AF) ]
81:102  0:000  Name: GFX0, Bridge: <null string>, Replace: IGPU
81:102  0:000    0 replacements
81:102  0:000  Found OperationRegion(SANV, SystemMemory, 7BC46418, ...)
81:102  0:000  0. [change OSID to XSID (to avoid match against _OSI XOSI patch)]: disabled
81:102  0:000  1. [change _OSI to XOSI]: disabled
81:102  0:000  2. [change _DSM to XDSM]: disabled
81:102  0:000  3. [change EC0 to EC]: disabled
81:102  0:000  4. [change H_EC to EC]: disabled
81:102  0:000  5. [change ECDV to EC]: disabled
81:102  0:000  6. [change HECI to IMEI]: pattern 48454349, bin not found / already patched!
81:102  0:000  7. [change MEI to IMEI]: pattern 4D45495F, bin not found / already patched!
81:102  0:000  8. [change PCI0.VID to IGPU #1 (Thinkpad)]: pattern 50434930, bin not found / already patched!
81:102  0:000  9. [change PCI0.VID to IGPU #2 (Thinkpad)]: pattern 5649445F, bin not found / already patched!
81:102  0:000  10. [change AZAL to HDEF]: pattern 415A414C, bin not found / already patched!
81:102  0:000  11. [change HDAS to HDEF]: pattern 48444153, bin not found / already patched!
81:102  0:000  12. [change GFX0 to IGPU]: pattern 47465830, bin not found / already patched!
81:102  0:000  Name: GFX0, Bridge: <null string>, Replace: IGPU
81:102  0:000    0 replacements
81:102  0:000  0. [change OSID to XSID (to avoid match against _OSI XOSI patch)]: disabled
81:102  0:000  1. [change _OSI to XOSI]: disabled
81:102  0:000  2. [change _DSM to XDSM]: disabled
81:102  0:000  3. [change EC0 to EC]: disabled
81:102  0:000  4. [change H_EC to EC]: disabled
81:102  0:000  5. [change ECDV to EC]: disabled
81:102  0:000  6. [change HECI to IMEI]: pattern 48454349, bin not found / already patched!
81:102  0:000  7. [change MEI to IMEI]: pattern 4D45495F, bin not found / already patched!
81:102  0:000  8. [change PCI0.VID to IGPU #1 (Thinkpad)]: pattern 50434930, bin not found / already patched!
81:102  0:000  9. [change PCI0.VID to IGPU #2 (Thinkpad)]: pattern 5649445F, bin not found / already patched!
81:102  0:000  10. [change AZAL to HDEF]: pattern 415A414C, bin not found / already patched!
81:102  0:000  11. [change HDAS to HDEF]: pattern 48444153, bin not found / already patched!
81:102  0:000  12. [change GFX0 to IGPU]: pattern 47465830, bin not found / already patched!
81:102  0:000  Name: GFX0, Bridge: <null string>, Replace: IGPU
81:102  0:000    0 replacements
81:102  0:000  Found OperationRegion(PNVS, SystemMemory, 7BEA4000, ...)
81:102  0:000  0. [change OSID to XSID (to avoid match against _OSI XOSI patch)]: disabled
81:102  0:000  1. [change _OSI to XOSI]: disabled
81:102  0:000  2. [change _DSM to XDSM]: disabled
81:102  0:000  3. [change EC0 to EC]: disabled
81:102  0:000  4. [change H_EC to EC]: disabled
81:102  0:000  5. [change ECDV to EC]: disabled
81:102  0:000  6. [change HECI to IMEI]: pattern 48454349, bin not found / already patched!
81:102  0:000  7. [change MEI to IMEI]: pattern 4D45495F, bin not found / already patched!
81:102  0:000  8. [change PCI0.VID to IGPU #1 (Thinkpad)]: pattern 50434930, bin not found / already patched!
81:102  0:000  9. [change PCI0.VID to IGPU #2 (Thinkpad)]: pattern 5649445F, bin not found / already patched!
81:102  0:000  10. [change AZAL to HDEF]: pattern 415A414C, bin not found / already patched!
81:102  0:000  11. [change HDAS to HDEF]: pattern 48444153, bin not found / already patched!
81:102  0:000  12. [change GFX0 to IGPU]: pattern 47465830, bin not found / already patched!
81:102  0:000  Name: GFX0, Bridge: <null string>, Replace: IGPU
81:102  0:000    0 replacements
81:102  0:000  Found OperationRegion(COMP, SystemMemory, 7BC46698, ...)
81:102  0:000  0. [change OSID to XSID (to avoid match against _OSI XOSI patch)]: disabled
81:102  0:000  1. [change _OSI to XOSI]: disabled
81:102  0:000  2. [change _DSM to XDSM]: disabled
81:102  0:000  3. [change EC0 to EC]: disabled
81:102  0:000  4. [change H_EC to EC]: disabled
81:102  0:000  5. [change ECDV to EC]: disabled
81:102  0:000  6. [change HECI to IMEI]: pattern 48454349, bin not found / already patched!
81:102  0:000  7. [change MEI to IMEI]: pattern 4D45495F, bin not found / already patched!
81:102  0:000  8. [change PCI0.VID to IGPU #1 (Thinkpad)]: pattern 50434930, bin not found / already patched!
81:102  0:000  9. [change PCI0.VID to IGPU #2 (Thinkpad)]: pattern 5649445F, bin not found / already patched!
81:102  0:000  10. [change AZAL to HDEF]: pattern 415A414C, bin not found / already patched!
81:102  0:000  11. [change HDAS to HDEF]: pattern 48444153, bin not found / already patched!
81:102  0:000  12. [change GFX0 to IGPU]: pattern 47465830, bin not found / already patched!
81:102  0:000  Name: GFX0, Bridge: <null string>, Replace: IGPU
81:102  0:000    0 replacements
81:102  0:000  Found OperationRegion(HOGN, SystemMemory, 7BC8C000, ...)
81:102  0:000  0. [change OSID to XSID (to avoid match against _OSI XOSI patch)]: disabled
81:102  0:000  1. [change _OSI to XOSI]: disabled
81:102  0:000  2. [change _DSM to XDSM]: disabled
81:102  0:000  3. [change EC0 to EC]: disabled
81:102  0:000  4. [change H_EC to EC]: disabled
81:102  0:000  5. [change ECDV to EC]: disabled
81:102  0:000  6. [change HECI to IMEI]: pattern 48454349, bin not found / already patched!
81:102  0:000  7. [change MEI to IMEI]: pattern 4D45495F, bin not found / already patched!
81:102  0:000  8. [change PCI0.VID to IGPU #1 (Thinkpad)]: pattern 50434930, bin not found / already patched!
81:102  0:000  9. [change PCI0.VID to IGPU #2 (Thinkpad)]: pattern 5649445F, bin not found / already patched!
81:102  0:000  10. [change AZAL to HDEF]: pattern 415A414C, bin not found / already patched!
81:102  0:000  11. [change HDAS to HDEF]: pattern 48444153, bin not found / already patched!
81:102  0:000  12. [change GFX0 to IGPU]: pattern 47465830, bin not found / already patched!
81:102  0:000  Name: GFX0, Bridge: <null string>, Replace: IGPU
81:102  0:000    0 replacements
81:102  0:000  Found OperationRegion(HNVS, SystemMemory, 7BC47000, ...)
81:103  0:000  0. [change OSID to XSID (to avoid match against _OSI XOSI patch)]: disabled
81:103  0:000  1. [change _OSI to XOSI]: disabled
81:103  0:000  2. [change _DSM to XDSM]: disabled
81:103  0:000  3. [change EC0 to EC]: disabled
81:103  0:000  4. [change H_EC to EC]: disabled
81:103  0:000  5. [change ECDV to EC]: disabled
81:103  0:000  6. [change HECI to IMEI]: pattern 48454349, bin not found / already patched!
81:103  0:000  7. [change MEI to IMEI]: pattern 4D45495F, bin not found / already patched!
81:103  0:000  8. [change PCI0.VID to IGPU #1 (Thinkpad)]: pattern 50434930, bin not found / already patched!
81:103  0:000  9. [change PCI0.VID to IGPU #2 (Thinkpad)]: pattern 5649445F, bin not found / already patched!
81:103  0:000  10. [change AZAL to HDEF]: pattern 415A414C, bin not found / already patched!
81:103  0:000  11. [change HDAS to HDEF]: pattern 48444153, bin not found / already patched!
81:103  0:000  12. [change GFX0 to IGPU]: pattern 47465830, bin not found / already patched!
81:103  0:000  Name: GFX0, Bridge: <null string>, Replace: IGPU
81:103  0:000    0 replacements
81:103  0:000  0. [change OSID to XSID (to avoid match against _OSI XOSI patch)]: disabled
81:103  0:000  1. [change _OSI to XOSI]: disabled
81:103  0:000  2. [change _DSM to XDSM]: disabled
81:103  0:000  3. [change EC0 to EC]: disabled
81:103  0:000  4. [change H_EC to EC]: disabled
81:103  0:000  5. [change ECDV to EC]: disabled
81:103  0:000  6. [change HECI to IMEI]: pattern 48454349, bin not found / already patched!
81:103  0:000  7. [change MEI to IMEI]: pattern 4D45495F, bin not found / already patched!
81:103  0:000  8. [change PCI0.VID to IGPU #1 (Thinkpad)]: pattern 50434930, bin not found / already patched!
81:103  0:000  9. [change PCI0.VID to IGPU #2 (Thinkpad)]: pattern 5649445F, bin not found / already patched!
81:103  0:000  10. [change AZAL to HDEF]: pattern 415A414C, bin not found / already patched!
81:103  0:000  11. [change HDAS to HDEF]: pattern 48444153, bin not found / already patched!
81:103  0:000  12. [change GFX0 to IGPU]: pattern 47465830, bin not found / already patched!
81:103  0:000  Name: GFX0, Bridge: <null string>, Replace: IGPU
81:103  0:000    0 replacements
81:103  0:000  0. [change OSID to XSID (to avoid match against _OSI XOSI patch)]: disabled
81:103  0:000  1. [change _OSI to XOSI]: disabled
81:103  0:000  2. [change _DSM to XDSM]: disabled
81:103  0:000  3. [change EC0 to EC]: disabled
81:103  0:000  4. [change H_EC to EC]: disabled
81:103  0:000  5. [change ECDV to EC]: disabled
81:103  0:000  6. [change HECI to IMEI]: pattern 48454349, bin not found / already patched!
81:103  0:000  7. [change MEI to IMEI]: pattern 4D45495F, bin not found / already patched!
81:103  0:000  8. [change PCI0.VID to IGPU #1 (Thinkpad)]: pattern 50434930, bin not found / already patched!
81:103  0:000  9. [change PCI0.VID to IGPU #2 (Thinkpad)]: pattern 5649445F, bin not found / already patched!
81:103  0:000  10. [change AZAL to HDEF]: pattern 415A414C, bin not found / already patched!
81:103  0:000  11. [change HDAS to HDEF]: pattern 48444153, bin not found / already patched!
81:103  0:000  12. [change GFX0 to IGPU]: pattern 47465830, bin not found / already patched!
81:103  0:000  Name: GFX0, Bridge: <null string>, Replace: IGPU
81:103  0:000    0 replacements
81:103  0:000  0. [change OSID to XSID (to avoid match against _OSI XOSI patch)]: disabled
81:103  0:000  1. [change _OSI to XOSI]: disabled
81:103  0:000  2. [change _DSM to XDSM]: disabled
81:103  0:000  3. [change EC0 to EC]: disabled
81:103  0:000  4. [change H_EC to EC]: disabled
81:103  0:000  5. [change ECDV to EC]: disabled
81:103  0:000  6. [change HECI to IMEI]: pattern 48454349, bin not found / already patched!
81:103  0:000  7. [change MEI to IMEI]: pattern 4D45495F, bin not found / already patched!
81:103  0:000  8. [change PCI0.VID to IGPU #1 (Thinkpad)]: pattern 50434930, bin not found / already patched!
81:103  0:000  9. [change PCI0.VID to IGPU #2 (Thinkpad)]: pattern 5649445F, bin not found / already patched!
81:103  0:000  10. [change AZAL to HDEF]: pattern 415A414C, bin not found / already patched!
81:103  0:000  11. [change HDAS to HDEF]: pattern 48444153, bin not found / already patched!
81:103  0:000  12. [change GFX0 to IGPU]: pattern 47465830, bin not found / already patched!
81:103  0:000  Name: GFX0, Bridge: <null string>, Replace: IGPU
81:103  0:000    0 replacements
81:103  0:000  Found OperationRegion(USMM, SystemMemory, FC7E0D80, ...)
81:103  0:000  0. [change OSID to XSID (to avoid match against _OSI XOSI patch)]: disabled
81:103  0:000  1. [change _OSI to XOSI]: disabled
81:103  0:000  2. [change _DSM to XDSM]: disabled
81:103  0:000  3. [change EC0 to EC]: disabled
81:103  0:000  4. [change H_EC to EC]: disabled
81:103  0:000  5. [change ECDV to EC]: disabled
81:103  0:000  6. [change HECI to IMEI]: pattern 48454349, bin not found / already patched!
81:103  0:000  7. [change MEI to IMEI]: pattern 4D45495F, bin not found / already patched!
81:103  0:000  8. [change PCI0.VID to IGPU #1 (Thinkpad)]: pattern 50434930, bin not found / already patched!
81:103  0:000  9. [change PCI0.VID to IGPU #2 (Thinkpad)]: pattern 5649445F, bin not found / already patched!
81:103  0:000  10. [change AZAL to HDEF]: pattern 415A414C, bin not found / already patched!
81:103  0:000  11. [change HDAS to HDEF]: pattern 48444153, bin not found / already patched!
81:103  0:000  12. [change GFX0 to IGPU]: pattern 47465830, bin not found / already patched!
81:103  0:000  Name: GFX0, Bridge: <null string>, Replace: IGPU
81:103  0:000    0 replacements
81:103  0:000  0. [change OSID to XSID (to avoid match against _OSI XOSI patch)]: disabled
81:103  0:000  1. [change _OSI to XOSI]: disabled
81:103  0:000  2. [change _DSM to XDSM]: disabled
81:103  0:000  3. [change EC0 to EC]: disabled
81:103  0:000  4. [change H_EC to EC]: disabled
81:103  0:000  5. [change ECDV to EC]: disabled
81:103  0:000  6. [change HECI to IMEI]: pattern 48454349, bin not found / already patched!
81:103  0:000  7. [change MEI to IMEI]: pattern 4D45495F, bin not found / already patched!
81:103  0:000  8. [change PCI0.VID to IGPU #1 (Thinkpad)]: pattern 50434930, bin not found / already patched!
81:103  0:000  9. [change PCI0.VID to IGPU #2 (Thinkpad)]: pattern 5649445F, bin not found / already patched!
81:103  0:000  10. [change AZAL to HDEF]: pattern 415A414C, bin not found / already patched!
81:103  0:000  11. [change HDAS to HDEF]: pattern 48444153, bin not found / already patched!
81:103  0:000  12. [change GFX0 to IGPU]: pattern 47465830, bin not found / already patched!
81:103  0:000  Name: GFX0, Bridge: <null string>, Replace: IGPU
81:103  0:000    0 replacements
81:103  0:000  0. [change OSID to XSID (to avoid match against _OSI XOSI patch)]: disabled
81:103  0:000  1. [change _OSI to XOSI]: disabled
81:103  0:000  2. [change _DSM to XDSM]: disabled
81:103  0:000  3. [change EC0 to EC]: disabled
81:103  0:000  4. [change H_EC to EC]: disabled
81:103  0:000  5. [change ECDV to EC]: disabled
81:103  0:000  6. [change HECI to IMEI]: pattern 48454349, bin not found / already patched!
81:103  0:000  7. [change MEI to IMEI]: pattern 4D45495F, bin not found / already patched!
81:103  0:000  8. [change PCI0.VID to IGPU #1 (Thinkpad)]: pattern 50434930, bin not found / already patched!
81:103  0:000  9. [change PCI0.VID to IGPU #2 (Thinkpad)]: pattern 5649445F, bin not found / already patched!
81:103  0:000  10. [change AZAL to HDEF]: pattern 415A414C, bin not found / already patched!
81:103  0:000  11. [change HDAS to HDEF]: pattern 48444153, bin not found / already patched!
81:103  0:000  12. [change GFX0 to IGPU]: pattern 47465830, patched at: [ (55) (28) (12) (12) (12) (12) (12) (12) (12) (12) (12) (12) (12) (12) (12) (12) (12) (12) (4ED) (50) (11DF) (59D) (BB6) (13) (28) (27) (13) (28) (27) (13) (28) (27) (13) (28) (27) (13) (28) (27) (13) (28) (27) (13) (28) (27) (13) (28) (27) (13) (28) (27) (13) (28) (27) (13) (28) (27) (13) (28) (27) (13) (28) (27) (13) (28) (27) (13) (28) (27) (13) (28) ]
81:103  0:000  Name: GFX0, Bridge: <null string>, Replace: IGPU
81:103  0:000    0 replacements
81:103  0:000  Found OperationRegion(VBOR, SystemMemory, 7BBE9018, ...)
81:103  0:000  Found OperationRegion(SGOP, SystemMemory, 7B57C018, ...)
81:103  0:000  Found OperationRegion(NOPR, SystemMemory, 7BBE6018, ...)
81:103  0:000  0. [change OSID to XSID (to avoid match against _OSI XOSI patch)]: disabled
81:103  0:000  1. [change _OSI to XOSI]: disabled
81:103  0:000  2. [change _DSM to XDSM]: disabled
81:103  0:000  3. [change EC0 to EC]: disabled
81:103  0:000  4. [change H_EC to EC]: disabled
81:103  0:000  5. [change ECDV to EC]: disabled
81:103  0:000  6. [change HECI to IMEI]: pattern 48454349, bin not found / already patched!
81:103  0:000  7. [change MEI to IMEI]: pattern 4D45495F, bin not found / already patched!
81:103  0:000  8. [change PCI0.VID to IGPU #1 (Thinkpad)]: pattern 50434930, bin not found / already patched!
81:103  0:000  9. [change PCI0.VID to IGPU #2 (Thinkpad)]: pattern 5649445F, bin not found / already patched!
81:103  0:000  10. [change AZAL to HDEF]: pattern 415A414C, bin not found / already patched!
81:103  0:000  11. [change HDAS to HDEF]: pattern 48444153, bin not found / already patched!
81:103  0:000  12. [change GFX0 to IGPU]: pattern 47465830, bin not found / already patched!
81:103  0:000  Name: GFX0, Bridge: <null string>, Replace: IGPU
81:103  0:000    0 replacements
81:103  0:000  === [ ACPIPatchedAML ] ====================================
81:103  0:000  Unsorted
81:103  0:000  Inserting SSDT-Disable-DGPU.aml from EFI\CLOVER\ACPI\patched: size=1411 ... Success
81:113  0:010  Inserting SSDT-UIAC-ALL.aml from EFI\CLOVER\ACPI\patched: size=7540 ... Success
81:114  0:000  Inserting SSDT-PNLF_CoffeeLake.aml from EFI\CLOVER\ACPI\patched: size=313 ... Success
81:115  0:000  CPUBase=0 and ApicCPUBase=1 ApicCPUNum=16
81:115  0:000  Cleanup XSDT: count=34, length=308
81:115  0:000  corrected XSDT count=33, length=300
81:115  0:000  === [ RestSetup macOS ] ===================================
81:115  0:000  EdidDiscovered size=128
81:115  0:000  --- Discovered EDID Table size:128
81:115  0:000  000  |  00  FF  FF  FF  FF  FF  FF  00  0D  AE
81:115  0:000  010  |  E7  15  00  00  00  00  08  1B  01  04
81:115  0:000  020  |  95  22  13  78  02  28  65  97  59  54
81:115  0:000  030  |  8E  27  1E  50  54  00  00  00  01  01
81:115  0:000  040  |  01  01  01  01  01  01  01  01  01  01
81:115  0:000  050  |  01  01  01  01  B4  3B  80  4A  71  38
81:115  0:000  060  |  34  40  50  36  68  00  58  C1  10  00
81:115  0:000  070  |  00  1A  CD  27  80  4A  71  38  34  40
81:115  0:000  080  |  50  36  68  00  58  C1  10  00  00  1A
81:115  0:000  090  |  00  00  00  00  00  00  00  00  00  00
81:115  0:000  100  |  00  00  00  00  00  00  00  00  00  00
81:115  0:000  110  |  00  02  00  0C  47  FF  0B  3C  6E  13
81:115  0:000  120  |  14  24  6E  00  00  00  00  B6
81:115  0:000  add device: PciRoot(0x0)/Pci(0x2,0x0)
81:115  0:000     Add key=framebuffer-unifiedmem valuelen=4
81:115  0:000     Add key=framebuffer-stolenmem valuelen=4
81:115  0:000     Add key=framebuffer-portcount valuelen=4
81:115  0:000     Add key=framebuffer-patch-enable valuelen=4
81:115  0:000     Add key=framebuffer-fbmem valuelen=4
81:115  0:000     Add key=framebuffer-con2-type valuelen=4
81:115  0:000     Add key=framebuffer-con2-index valuelen=4
81:115  0:000     Add key=framebuffer-con2-enable valuelen=4
81:115  0:000     Add key=framebuffer-con1-type valuelen=4
81:115  0:000     Add key=framebuffer-con1-enable valuelen=4
81:115  0:000     Add key=enable-hdmi20 valuelen=4
81:115  0:000     Add key=disable-external-gpu valuelen=4
81:115  0:000     Add key=device-id valuelen=4
81:115  0:000     Add key=AAPL,ig-platform-id valuelen=4
81:115  0:000  add device: PciRoot(0x0)/Pci(0x1F,0x3)
81:115  0:000     Add key=layout-id valuelen=4
81:115  0:000     Add key=enable-cflbklt valuelen=4
81:115  0:000     Add key=enable-cfl-backlight-fix valuelen=4
81:115  0:000  NVidia GFX injection not set
81:115  0:000  Intel GFX injection not set
81:120  0:005   RCBA disabled; cannot use it
81:120  0:000  stringlength = 2614
81:120  0:000  CurrentMode: Width=1920 Height=1080
81:120  0:000  Beginning FSInjection
81:120  0:000  skipping kext injection (not requested)
81:121  0:000  Use origin smbios table type 1 guid.
81:121  0:000    Force kext: System\Library\Extensions\IONetworkingFamily.kext
81:245  0:124      Force PlugIn kext: System\Library\Extensions\IONetworkingFamily.kext\Contents\PlugIns\nvenet.kext
81:270  0:024      Force PlugIn kext: System\Library\Extensions\IONetworkingFamily.kext\Contents\PlugIns\AppleEthernetAquantiaAqtion.kext
81:285  0:014      Force PlugIn kext: System\Library\Extensions\IONetworkingFamily.kext\Contents\PlugIns\AppleBCM5701Ethernet.kext
81:299  0:013      Force PlugIn kext: System\Library\Extensions\IONetworkingFamily.kext\Contents\PlugIns\AppleIntelI210Ethernet.kext
81:306  0:006      Force PlugIn kext: System\Library\Extensions\IONetworkingFamily.kext\Contents\PlugIns\Intel82574L.kext
81:314  0:008      Force PlugIn kext: System\Library\Extensions\IONetworkingFamily.kext\Contents\PlugIns\IOEthernetAVBController.kext
81:316  0:001      Force PlugIn kext: System\Library\Extensions\IONetworkingFamily.kext\Contents\PlugIns\AppleYukon2.kext
81:322  0:006      Force PlugIn kext: System\Library\Extensions\IONetworkingFamily.kext\Contents\PlugIns\AppleEthernetAquantiaAqtionFirmware.kext
81:343  0:021      Force PlugIn kext: System\Library\Extensions\IONetworkingFamily.kext\Contents\PlugIns\AppleIntel8254XEthernet.kext
81:345  0:001      Force PlugIn kext: System\Library\Extensions\IONetworkingFamily.kext\Contents\PlugIns\AppleVmxnet3Ethernet.kext
81:349  0:003      Force PlugIn kext: System\Library\Extensions\IONetworkingFamily.kext\Contents\PlugIns\mDNSOffloadUserClient.kext
81:396  0:046  Preparing kexts injection for arch=x86_64 from EFI\CLOVER\kexts\Other
81:396  0:000  Extra kext: EFI\CLOVER\kexts\Other\WhateverGreen_v1.2.4_headkaze.kext (v.1.2.4)
81:447  0:051  Extra kext: EFI\CLOVER\kexts\Other\WhateverGreen.kext (v.1.3.0)
81:493  0:046  Extra kext: EFI\CLOVER\kexts\Other\VoodooPS2Controller.kext (v.1.8.34)
81:496  0:002    |-- PlugIn kext: EFI\CLOVER\kexts\Other\VoodooPS2Controller.kext\Contents\PlugIns\VoodooPS2Trackpad.kext (v.1.8.34)
81:547  0:051    |-- PlugIn kext: EFI\CLOVER\kexts\Other\VoodooPS2Controller.kext\Contents\PlugIns\VoodooPS2Mouse.kext (v.1.8.34)
81:549  0:002    |-- PlugIn kext: EFI\CLOVER\kexts\Other\VoodooPS2Controller.kext\Contents\PlugIns\VoodooPS2Keyboard.kext (v.1.8.34)
81:553  0:003  Extra kext: EFI\CLOVER\kexts\Other\Lilu_v1.3.5.kext (v.1.3.5)
81:600  0:047  Extra kext: EFI\CLOVER\kexts\Other\USBInjectAll.kext (v.0.6.5)
81:721  0:121  Extra kext: EFI\CLOVER\kexts\Other\SATA-RAID-unsupported.kext (v.0.9.2)
81:723  0:001  Extra kext: EFI\CLOVER\kexts\Other\SATA-200-series-unsupported.kext (v.0.5.1)
81:724  0:001  Extra kext: EFI\CLOVER\kexts\Other\SATA-100-series-unsupported.kext (v.0.5.1)
81:725  0:001  Extra kext: EFI\CLOVER\kexts\Other\RealtekRTL8111.kext (v.2.2.2)
81:728  0:003  Extra kext: EFI\CLOVER\kexts\Other\RealtekRTL8100.kext (v.2.0.1)
81:731  0:002  Extra kext: EFI\CLOVER\kexts\Other\NullCPUPowerManagement.kext (v.<null string>)
81:731  0:000  Failed to load extra kext (Info.plist not found): EFI\CLOVER\kexts\Other\NullCPUPowerManagement.kext
81:731  0:000  Extra kext: EFI\CLOVER\kexts\Other\NoTouchID.kext (v.1.0.0)
81:733  0:002  Extra kext: EFI\CLOVER\kexts\Other\Lilu_v1.3.6.kext (v.1.3.6)
81:735  0:002  Extra kext: EFI\CLOVER\kexts\Other\IntelMausiEthernet.kext (v.2.4.0d0)
81:738  0:002  Extra kext: EFI\CLOVER\kexts\Other\HoRNDIS.kext (v.6)
81:788  0:050  Extra kext: EFI\CLOVER\kexts\Other\HibernationFixup.kext (v.1.2.6)
81:791  0:002  Extra kext: EFI\CLOVER\kexts\Other\GenericUSBXHCI.kext (v.1.2.11)
81:834  0:043  Extra kext: EFI\CLOVER\kexts\Other\FakeSMC_v1800.kext (v.1800)
81:884  0:050  Extra kext: EFI\CLOVER\kexts\Other\CPUFriendDataProvider.kext (v.1.0.0)
81:886  0:001  Extra kext: EFI\CLOVER\kexts\Other\CPUFriend.kext (v.1.1.8)
81:888  0:002  Extra kext: EFI\CLOVER\kexts\Other\AtherosE2200Ethernet.kext (v.2.2.2)
81:961  0:072  Extra kext: EFI\CLOVER\kexts\Other\AppleIGB.kext (v.5.3.5)
82:073  0:112  Extra kext: EFI\CLOVER\kexts\Other\AppleBacklightFixup.kext (v.1.0.2)
82:076  0:002  Extra kext: EFI\CLOVER\kexts\Other\AppleALC.kext (v.1.3.6)
82:372  0:295  Extra kext: EFI\CLOVER\kexts\Other\AHCI_Intel_Generic_SATA.kext (v.0.5)
82:374  0:002  Extra kext: EFI\CLOVER\kexts\Other\AHCI_3rdParty_SATA.kext (v.0.5)
82:380  0:006  Extra kext: EFI\CLOVER\kexts\Other\AHCI_3rdParty_eSATA.kext (v.0.5)
82:386  0:006  Extra kext: EFI\CLOVER\kexts\Other\ACPIBatteryManager.kext (v.1.90.1)
82:393  0:006  SetStartupDiskVolume:
82:393  0:000    * Volume: 'mac'
82:393  0:000    * LoaderPath: '<null string>'
82:393  0:000    * DevPath: mac
82:393  0:000    * GUID = 9836D10B-AC11-4E0E-ABAA-B0EDB6240336
82:393  0:000    * efi-boot-device: <array><dict><key>IOMatch</key><dict><key>IOProviderClass</key><string>IOMedia</string><key>IOPropertyMatch</key><dict><key>UUID</key><string>9836D10B-AC11-4E0E-ABAA-B0EDB6240336</string></dict></dict></dict></array>
82:393  0:000  SetScreenResolution: 1920x1080 - already set
82:393  0:000  Custom boot is disabled
82:393  0:000  Closing log
